<?xml version="1.0" encoding="UTF-8"?>
<!-- Generated by org.testng.reporters.JUnitReportReporter -->
<testsuite hostname="icanio-HP-Pavilion-Laptop-14-dv0xxx" failures="0" tests="3" name="tests.sSLC" time="2.833" errors="0" timestamp="2022-02-10T17:28:15 IST" skipped="1">
  <testcase classname="tests.sSLC" name="clickAddDetailsAndTenthGrade" time="0.474"/>
  <system-out/>
  <testcase classname="tests.sSLC" name="validateNegativeTenthGradeInfo" time="2.359"/>
  <system-out/>
  <testcase classname="tests.sSLC" name="validateTenthGradeInfo">
    <skipped/>
  </testcase> <!-- validateTenthGradeInfo -->
  <system-out/>
</testsuite> <!-- tests.sSLC -->
