<?xml version="1.0" encoding="UTF-8"?>
<!-- Generated by org.testng.reporters.JUnitReportReporter -->
<testsuite hostname="icanio-HP-Pavilion-Laptop-14-dv0xxx" failures="0" tests="3" name="tests.postGraduate" time="2.537" errors="0" timestamp="2022-02-10T17:28:15 IST" skipped="1">
  <testcase classname="tests.postGraduate" name="validateNegativePostGradInfo" time="2.156"/>
  <system-out/>
  <testcase classname="tests.postGraduate" name="clickAddDetailsAndPostGrad" time="0.381"/>
  <system-out/>
  <testcase classname="tests.postGraduate" name="validatePostGradInfo">
    <skipped/>
  </testcase> <!-- validatePostGradInfo -->
  <system-out/>
</testsuite> <!-- tests.postGraduate -->
