<?xml version="1.0" encoding="UTF-8"?>
<!-- Generated by org.testng.reporters.JUnitReportReporter -->
<testsuite hostname="icanio-HP-Pavilion-Laptop-14-dv0xxx" failures="0" tests="3" name="tests.underGraduate" time="3.006" errors="0" timestamp="2022-02-10T17:28:15 IST" skipped="1">
  <testcase classname="tests.underGraduate" name="clickAddDetailsAndUnderGrad" time="0.926"/>
  <system-out/>
  <testcase classname="tests.underGraduate" name="validateNegativeUnderGradInfo" time="2.080"/>
  <system-out/>
  <testcase classname="tests.underGraduate" name="validateunderGradInfo">
    <skipped/>
  </testcase> <!-- validateunderGradInfo -->
  <system-out/>
</testsuite> <!-- tests.underGraduate -->
