<?xml version="1.0" encoding="UTF-8"?>
<!-- Generated by org.testng.reporters.JUnitReportReporter -->
<testsuite hostname="icanio-HP-Pavilion-Laptop-14-dv0xxx" failures="0" tests="3" name="tests.plusTwo" time="2.495" errors="0" timestamp="2022-02-10T17:28:15 IST" skipped="1">
  <testcase classname="tests.plusTwo" name="clickAddDetailsAndPlus2Grade" time="0.322"/>
  <system-out/>
  <testcase classname="tests.plusTwo" name="validateNegativePlus2GradeInfo" time="2.173"/>
  <system-out/>
  <testcase classname="tests.plusTwo" name="validatePlus2GradeInfo">
    <skipped/>
  </testcase> <!-- validatePlus2GradeInfo -->
  <system-out/>
</testsuite> <!-- tests.plusTwo -->
