<?xml version="1.0" encoding="UTF-8"?>
<!-- Generated by org.testng.reporters.JUnitReportReporter -->
<testsuite hostname="icanio-HP-Pavilion-Laptop-14-dv0xxx" failures="0" tests="7" name="tests.loginAndPersonalInfo" time="72.984" errors="0" timestamp="2022-02-10T14:57:55 IST" skipped="0">
  <testcase classname="tests.loginAndPersonalInfo" name="clickonBoardAcademicInfoPage" time="0.249"/>
  <system-out/>
  <testcase classname="tests.loginAndPersonalInfo" name="validateNegativePersonalInfo" time="2.017"/>
  <system-out/>
  <testcase classname="tests.loginAndPersonalInfo" name="doLogIn" time="61.050"/>
  <system-out/>
  <testcase classname="tests.loginAndPersonalInfo" name="validatePositivePersonalInfo" time="3.703"/>
  <system-out/>
  <testcase classname="tests.loginAndPersonalInfo" name="getBasicPage" time="0.271"/>
  <system-out/>
  <testcase classname="tests.loginAndPersonalInfo" name="getAdmissionsServicesMastersProductsPage" time="0.650"/>
  <system-out/>
  <testcase classname="tests.loginAndPersonalInfo" name="doLogIn" time="5.044"/>
  <system-out/>
</testsuite> <!-- tests.loginAndPersonalInfo -->
