<?xml version="1.0" encoding="UTF-8"?>
<!-- Generated by org.testng.reporters.JUnitReportReporter -->
<testsuite hostname="icanio-HP-Pavilion-Laptop-14-dv0xxx" failures="0" tests="5" name="tests.personalInfo" time="7.003" errors="0" timestamp="2022-02-10T17:28:15 IST" skipped="0">
  <testcase classname="tests.personalInfo" name="clickonBoardAcademicInfoPage" time="0.230"/>
  <system-out/>
  <testcase classname="tests.personalInfo" name="validatePositivePersonalInfo" time="3.615"/>
  <system-out/>
  <testcase classname="tests.personalInfo" name="getAdmissionsServicesMastersProductsPage" time="0.668"/>
  <system-out/>
  <testcase classname="tests.personalInfo" name="validateNegativePersonalInfo" time="2.102"/>
  <system-out/>
  <testcase classname="tests.personalInfo" name="getBasicPage" time="0.388"/>
  <system-out/>
</testsuite> <!-- tests.personalInfo -->
