<?xml version="1.0" encoding="UTF-8"?>
<!-- Generated by org.testng.reporters.JUnitReportReporter -->
<testsuite hostname="icanio-HP-Pavilion-Laptop-14-dv0xxx" failures="0" tests="2" name="tests.login" time="130.713" errors="0" timestamp="2022-02-18T21:26:01 IST" skipped="0">
  <testcase classname="tests.login" name="doLogIn" time="9.222"/>
  <system-out/>
  <testcase classname="tests.login" name="doLogIn" time="121.491"/>
  <system-out/>
</testsuite> <!-- tests.login -->
