<?xml version="1.0" encoding="UTF-8"?>
<!-- Generated by org.testng.reporters.JUnitReportReporter -->
<testsuite hostname="icanio-HP-Pavilion-Laptop-14-dv0xxx" failures="0" tests="3" name="tests.diploma" time="4.170" errors="0" timestamp="2022-02-10T17:28:15 IST" skipped="1">
  <testcase classname="tests.diploma" name="clickAddDetailsAndDiplomaButton" time="0.465"/>
  <system-out/>
  <testcase classname="tests.diploma" name="validateNegativeDiplomaInfo" time="3.705"/>
  <system-out/>
  <testcase classname="tests.diploma" name="validateDiplomaInfo">
    <skipped/>
  </testcase> <!-- validateDiplomaInfo -->
  <system-out/>
</testsuite> <!-- tests.diploma -->
